<?xml version="1.0" encoding="UTF-8"?>
<!-- Generated by org.testng.reporters.JUnitReportReporter -->
<testsuite hostname="DESKTOP-0PBQCH3" failures="0" tests="2" name="day1.Test1" time="0.008" errors="0" timestamp="2024-01-13T16:37:48 IST" skipped="0">
  <testcase classname="day1.Test1" name="test2" time="0.001"/>
  <system-out/>
  <testcase classname="day1.Test1" name="test1" time="0.007"/>
  <system-out/>
</testsuite> <!-- day1.Test1 -->
