<?xml version="1.0" encoding="UTF-8"?>
<!-- Generated by org.testng.reporters.JUnitReportReporter -->
<testsuite hostname="DESKTOP-0PBQCH3" failures="0" tests="1" name="day1.Test2" time="0.001" errors="0" timestamp="2024-01-13T16:37:48 IST" skipped="0">
  <testcase classname="day1.Test2" name="test3" time="0.001"/>
  <system-out/>
</testsuite> <!-- day1.Test2 -->
