<?xml version="1.0" encoding="UTF-8"?>
<!-- Generated by org.testng.reporters.JUnitReportReporter -->
<testsuite hostname="DESKTOP-0PBQCH3" failures="0" tests="3" name="firsttestpackage.NewTest" time="2.931" errors="0" timestamp="2024-01-13T16:38:59 IST" skipped="0">
  <testcase classname="firsttestpackage.NewTest" name="test2" time="0.002"/>
  <system-out/>
  <testcase classname="firsttestpackage.NewTest" name="f" time="2.928"/>
  <system-out/>
  <testcase classname="firsttestpackage.NewTest" name="test1" time="0.001"/>
  <system-out/>
</testsuite> <!-- firsttestpackage.NewTest -->
